app/build/outputs/logs/manifest-merger-debug-report.txt
-- Merging decision tree log ---
manifest
ADDED from src\main\AndroidManifest.xml:1:1-143:12
	xmlns:android
		ADDED from src\main\AndroidManifest.xml:1:42-100
	package
		ADDED from src\main\AndroidManifest.xml:1:11-41
		INJECTED from src\main\AndroidManifest.xml
		INJECTED from src\main\AndroidManifest.xml
	android:versionName
		ADDED from src\main\AndroidManifest.xml:1:127-154
		INJECTED from src\main\AndroidManifest.xml
		INJECTED from src\main\AndroidManifest.xml
	android:versionCode
		ADDED from src\main\AndroidManifest.xml:1:101-126
		INJECTED from src\main\AndroidManifest.xml
		INJECTED from src\main\AndroidManifest.xml
uses-sdk
ADDED from src\main\AndroidManifest.xml:3:5-73
MERGED from [AisenWeiBo-master:library:unspecified] AndroidManifest.xml:7:5-9:41
MERGED from [com.android.support:appcompat-v7:22.2.0] AndroidManifest.xml:20:5-43
MERGED from [com.android.support:support-v4:22.2.0] AndroidManifest.xml:20:5-43
MERGED from [com.android.support:design:22.2.0] AndroidManifest.xml:20:5-43
MERGED from [com.android.support:appcompat-v7:22.2.0] AndroidManifest.xml:20:5-43
MERGED from [com.android.support:support-v4:22.2.0] AndroidManifest.xml:20:5-43
MERGED from [com.android.support:support-v4:22.2.0] AndroidManifest.xml:20:5-43
MERGED from [asia.ivity.android:drag-sort-listview:1.0] AndroidManifest.xml:6:5-7:35
MERGED from [com.android.support:support-v4:22.2.0] AndroidManifest.xml:20:5-43
MERGED from [com.nhaarman.listviewanimations:lib-core:3.1.0] AndroidManifest.xml:22:5-24:41
MERGED from [com.nhaarman.listviewanimations:lib-manipulation:3.1.0] AndroidManifest.xml:22:5-24:41
MERGED from [com.nhaarman.listviewanimations:lib-core-slh:3.1.0] AndroidManifest.xml:22:5-24:41
MERGED from [AisenWeiBo-master:library-orm:unspecified] AndroidManifest.xml:7:5-9:41
MERGED from [AisenWeiBo-master:datetimerpicker:unspecified] AndroidManifest.xml:7:5-9:41
MERGED from [com.android.support:appcompat-v7:22.2.0] AndroidManifest.xml:20:5-43
MERGED from [com.android.support:support-v4:22.2.0] AndroidManifest.xml:20:5-43
MERGED from [com.github.gabrielemariotti.changeloglib:changelog:2.0.0] AndroidManifest.xml:7:5-9:41
MERGED from [com.android.support:support-v4:22.2.0] AndroidManifest.xml:20:5-43
MERGED from [com.android.support:recyclerview-v7:22.2.0] AndroidManifest.xml:20:5-43
MERGED from [com.android.support:support-v4:22.2.0] AndroidManifest.xml:20:5-43
MERGED from [com.melnykov:floatingactionbutton:1.3.0] AndroidManifest.xml:8:5-10:41
MERGED from [com.android.support:recyclerview-v7:22.2.0] AndroidManifest.xml:20:5-43
MERGED from [com.android.support:support-v4:22.2.0] AndroidManifest.xml:20:5-43
MERGED from [com.afollestad:material-dialogs:0.7.6.0] AndroidManifest.xml:8:5-10:41
MERGED from [com.android.support:support-v4:22.2.0] AndroidManifest.xml:20:5-43
MERGED from [com.android.support:appcompat-v7:22.2.0] AndroidManifest.xml:20:5-43
MERGED from [com.android.support:support-v4:22.2.0] AndroidManifest.xml:20:5-43
MERGED from [com.android.support:recyclerview-v7:22.2.0] AndroidManifest.xml:20:5-43
MERGED from [com.android.support:support-v4:22.2.0] AndroidManifest.xml:20:5-43
MERGED from [com.github.castorflex.smoothprogressbar:library:1.1.0] AndroidManifest.xml:8:5-10:41
MERGED from [com.github.castorflex.smoothprogressbar:library-circular:1.1.0] AndroidManifest.xml:8:5-10:41
MERGED from [com.github.chrisbanes.photoview:library:1.2.3] AndroidManifest.xml:2:5-72
MERGED from [com.android.support:support-v4:22.2.0] AndroidManifest.xml:20:5-43
MERGED from [im.fir:sdk:1.2.0] AndroidManifest.xml:8:5-10:41
	android:targetSdkVersion
		ADDED from src\main\AndroidManifest.xml:3:42-71
		INJECTED from src\main\AndroidManifest.xml
		INJECTED from src\main\AndroidManifest.xml
	android:minSdkVersion
		ADDED from src\main\AndroidManifest.xml:3:15-41
		INJECTED from src\main\AndroidManifest.xml
		INJECTED from src\main\AndroidManifest.xml
uses-permission#android.permission.INTERNET
ADDED from src\main\AndroidManifest.xml:6:5-66
	android:name
		ADDED from src\main\AndroidManifest.xml:6:22-64
uses-permission#android.permission.ACCESS_WIFI_STATE
ADDED from src\main\AndroidManifest.xml:8:5-75
	android:name
		ADDED from src\main\AndroidManifest.xml:8:22-73
uses-permission#android.permission.CHANGE_WIFI_STATE
ADDED from src\main\AndroidManifest.xml:10:5-75
	android:name
		ADDED from src\main\AndroidManifest.xml:10:22-73
uses-permission#android.permission.WRITE_EXTERNAL_STORAGE
ADDED from src\main\AndroidManifest.xml:14:5-80
	android:name
		ADDED from src\main\AndroidManifest.xml:14:22-78
uses-permission#android.permission.MOUNT_UNMOUNT_FILESYSTEMS
ADDED from src\main\AndroidManifest.xml:15:5-83
	android:name
		ADDED from src\main\AndroidManifest.xml:15:22-81
uses-permission#android.permission.ACCESS_FINE_LOCATION
ADDED from src\main\AndroidManifest.xml:17:5-78
	android:name
		ADDED from src\main\AndroidManifest.xml:17:22-76
uses-permission#android.permission.ACCESS_NETWORK_STATE
ADDED from src\main\AndroidManifest.xml:19:5-78
	android:name
		ADDED from src\main\AndroidManifest.xml:19:22-76
uses-permission#android.permission.VIBRATE
ADDED from src\main\AndroidManifest.xml:21:5-65
	android:name
		ADDED from src\main\AndroidManifest.xml:21:22-63
uses-permission#android.permission.READ_PHONE_STATE
ADDED from src\main\AndroidManifest.xml:22:5-74
	android:name
		ADDED from src\main\AndroidManifest.xml:22:22-72
uses-permission#android.permission.ACCESS_COARSE_LOCATION
ADDED from src\main\AndroidManifest.xml:23:5-80
	android:name
		ADDED from src\main\AndroidManifest.xml:23:22-78
uses-permission#android.permission.MANAGE_DOCUMENTS
ADDED from src\main\AndroidManifest.xml:24:5-74
	android:name
		ADDED from src\main\AndroidManifest.xml:24:22-72
uses-permission#android.permission.WRITE_SETTINGS
ADDED from src\main\AndroidManifest.xml:25:5-72
	android:name
		ADDED from src\main\AndroidManifest.xml:25:22-70
uses-permission#android.permission.GET_TASKS
ADDED from src\main\AndroidManifest.xml:26:5-67
	android:name
		ADDED from src\main\AndroidManifest.xml:26:22-65
uses-permission#android.permission.RECEIVE_BOOT_COMPLETED
ADDED from src\main\AndroidManifest.xml:28:5-80
	android:name
		ADDED from src\main\AndroidManifest.xml:28:22-78
application
ADDED from src\main\AndroidManifest.xml:30:5-141:19
MERGED from [AisenWeiBo-master:library:unspecified] AndroidManifest.xml:11:5-47
MERGED from [com.android.support:appcompat-v7:22.2.0] AndroidManifest.xml:22:5-20
MERGED from [com.android.support:support-v4:22.2.0] AndroidManifest.xml:22:5-20
MERGED from [com.android.support:design:22.2.0] AndroidManifest.xml:22:5-20
MERGED from [com.android.support:appcompat-v7:22.2.0] AndroidManifest.xml:22:5-20
MERGED from [com.android.support:support-v4:22.2.0] AndroidManifest.xml:22:5-20
MERGED from [com.android.support:support-v4:22.2.0] AndroidManifest.xml:22:5-20
MERGED from [com.android.support:support-v4:22.2.0] AndroidManifest.xml:22:5-20
MERGED from [com.nhaarman.listviewanimations:lib-core:3.1.0] AndroidManifest.xml:26:5-27:19
MERGED from [com.nhaarman.listviewanimations:lib-manipulation:3.1.0] AndroidManifest.xml:26:5-29:19
MERGED from [com.nhaarman.listviewanimations:lib-core-slh:3.1.0] AndroidManifest.xml:26:5-27:19
MERGED from [AisenWeiBo-master:library-orm:unspecified] AndroidManifest.xml:11:5-47
MERGED from [AisenWeiBo-master:datetimerpicker:unspecified] AndroidManifest.xml:11:5-47
MERGED from [com.android.support:appcompat-v7:22.2.0] AndroidManifest.xml:22:5-20
MERGED from [com.android.support:support-v4:22.2.0] AndroidManifest.xml:22:5-20
MERGED from [com.github.gabrielemariotti.changeloglib:changelog:2.0.0] AndroidManifest.xml:11:5-20
MERGED from [com.android.support:support-v4:22.2.0] AndroidManifest.xml:22:5-20
MERGED from [com.android.support:support-v4:22.2.0] AndroidManifest.xml:22:5-20
MERGED from [com.melnykov:floatingactionbutton:1.3.0] AndroidManifest.xml:12:5-20
MERGED from [com.android.support:support-v4:22.2.0] AndroidManifest.xml:22:5-20
MERGED from [com.afollestad:material-dialogs:0.7.6.0] AndroidManifest.xml:12:5-20
MERGED from [com.android.support:support-v4:22.2.0] AndroidManifest.xml:22:5-20
MERGED from [com.android.support:appcompat-v7:22.2.0] AndroidManifest.xml:22:5-20
MERGED from [com.android.support:support-v4:22.2.0] AndroidManifest.xml:22:5-20
MERGED from [com.android.support:support-v4:22.2.0] AndroidManifest.xml:22:5-20
MERGED from [com.github.castorflex.smoothprogressbar:library:1.1.0] AndroidManifest.xml:12:5-20
MERGED from [com.github.castorflex.smoothprogressbar:library-circular:1.1.0] AndroidManifest.xml:12:5-20
MERGED from [com.github.chrisbanes.photoview:library:1.2.3] AndroidManifest.xml:4:5-81
MERGED from [com.android.support:support-v4:22.2.0] AndroidManifest.xml:22:5-20
	android:label
		ADDED from src\main\AndroidManifest.xml:30:134-166
	android:allowBackup
		ADDED from src\main\AndroidManifest.xml:30:73-99
	android:icon
		ADDED from src\main\AndroidManifest.xml:30:100-133
	android:hardwareAccelerated
		ADDED from [com.github.chrisbanes.photoview:library:1.2.3] AndroidManifest.xml:4:45-79
	android:theme
		ADDED from src\main\AndroidManifest.xml:31:18-49
	android:name
		ADDED from src\main\AndroidManifest.xml:30:18-72
meta-data#BUG_HD_SDK_GENERAL_KEY
ADDED from src\main\AndroidManifest.xml:33:9-109
	android:name
		ADDED from src\main\AndroidManifest.xml:33:69-106
	android:value
		ADDED from src\main\AndroidManifest.xml:33:20-68
activity#org.aisen.weibo.sina.ui.activity.basic.SplashActivity
ADDED from src\main\AndroidManifest.xml:36:9-43:20
	android:screenOrientation
		ADDED from src\main\AndroidManifest.xml:36:121-157
	android:label
		ADDED from src\main\AndroidManifest.xml:36:88-120
	android:theme
		ADDED from src\main\AndroidManifest.xml:37:19-57
	android:name
		ADDED from src\main\AndroidManifest.xml:36:19-87
intent-filter#android.intent.action.MAIN+android.intent.category.LAUNCHER
ADDED from src\main\AndroidManifest.xml:38:13-42:29
action#android.intent.action.MAIN
ADDED from src\main\AndroidManifest.xml:39:17-68
	android:name
		ADDED from src\main\AndroidManifest.xml:39:25-66
category#android.intent.category.LAUNCHER
ADDED from src\main\AndroidManifest.xml:41:17-76
	android:name
		ADDED from src\main\AndroidManifest.xml:41:27-74
activity#org.aisen.weibo.sina.ui.activity.basic.MainActivity
ADDED from src\main\AndroidManifest.xml:45:9-46:94
	android:screenOrientation
		ADDED from src\main\AndroidManifest.xml:46:19-55
	android:theme
		ADDED from src\main\AndroidManifest.xml:46:56-92
	android:hardwareAccelerated
		ADDED from src\main\AndroidManifest.xml:45:86-120
	android:name
		ADDED from src\main\AndroidManifest.xml:45:19-85
	android:launchMode
		ADDED from src\main\AndroidManifest.xml:45:121-152
activity#org.aisen.android.component.container.FragmentContainerActivity
ADDED from src\main\AndroidManifest.xml:48:9-136
	android:screenOrientation
		ADDED from src\main\AndroidManifest.xml:48:98-134
	android:name
		ADDED from src\main\AndroidManifest.xml:48:19-97
activity#org.aisen.weibo.sina.ui.activity.publish.PublishActivity
ADDED from src\main\AndroidManifest.xml:50:9-62:20
	android:windowSoftInputMode
		ADDED from src\main\AndroidManifest.xml:51:19-74
	android:screenOrientation
		ADDED from src\main\AndroidManifest.xml:50:122-158
	android:name
		ADDED from src\main\AndroidManifest.xml:50:19-90
	android:launchMode
		ADDED from src\main\AndroidManifest.xml:50:91-121
intent-filter#android.intent.action.SEND+android.intent.category.DEFAULT
ADDED from src\main\AndroidManifest.xml:52:13-56:29
action#android.intent.action.SEND
ADDED from src\main\AndroidManifest.xml:53:17-68
	android:name
		ADDED from src\main\AndroidManifest.xml:53:25-66
category#android.intent.category.DEFAULT
ADDED from src\main\AndroidManifest.xml:54:17-75
	android:name
		ADDED from src\main\AndroidManifest.xml:54:27-73
data
ADDED from src\main\AndroidManifest.xml:55:17-51
	android:mimeType
		ADDED from src\main\AndroidManifest.xml:55:23-49
activity#org.aisen.weibo.sina.ui.activity.profile.UserProfileActivity
ADDED from src\main\AndroidManifest.xml:64:9-71:20
	android:screenOrientation
		ADDED from src\main\AndroidManifest.xml:64:95-131
	android:theme
		ADDED from src\main\AndroidManifest.xml:65:19-58
	android:name
		ADDED from src\main\AndroidManifest.xml:64:19-94
intent-filter#android.intent.action.VIEW+android.intent.category.DEFAULT
ADDED from src\main\AndroidManifest.xml:66:13-70:29
action#android.intent.action.VIEW
ADDED from src\main\AndroidManifest.xml:68:17-68
	android:name
		ADDED from src\main\AndroidManifest.xml:68:25-66
activity#org.aisen.weibo.sina.ui.activity.profile.WeiboClientActivity
ADDED from src\main\AndroidManifest.xml:72:9-76
	android:name
		ADDED from src\main\AndroidManifest.xml:72:19-74
activity#org.aisen.weibo.sina.ui.activity.pics.PicsActivity
ADDED from src\main\AndroidManifest.xml:74:9-119
	android:screenOrientation
		ADDED from src\main\AndroidManifest.xml:74:85-117
	android:name
		ADDED from src\main\AndroidManifest.xml:74:19-84
activity#org.aisen.weibo.sina.ui.activity.pics.PhotosActivity
ADDED from src\main\AndroidManifest.xml:76:9-89
	android:name
		ADDED from src\main\AndroidManifest.xml:76:19-86
activity#org.aisen.weibo.sina.ui.activity.basic.BrowserActivity
ADDED from src\main\AndroidManifest.xml:78:9-103:20
	android:name
		ADDED from src\main\AndroidManifest.xml:78:19-88
activity#org.aisen.weibo.sina.ui.activity.topics.TopicsActivity
ADDED from src\main\AndroidManifest.xml:105:9-111:20
	android:screenOrientation
		ADDED from src\main\AndroidManifest.xml:105:89-125
	android:name
		ADDED from src\main\AndroidManifest.xml:105:19-88
service#org.aisen.weibo.sina.sys.service.PublishService
ADDED from src\main\AndroidManifest.xml:115:9-82
	android:name
		ADDED from src\main\AndroidManifest.xml:115:18-80
service#org.aisen.weibo.sina.sys.service.OfflineService
ADDED from src\main\AndroidManifest.xml:117:9-82
	android:name
		ADDED from src\main\AndroidManifest.xml:117:18-80
service#org.aisen.weibo.sina.sys.service.UnreadService
ADDED from src\main\AndroidManifest.xml:119:9-125:19
	android:exported
		ADDED from src\main\AndroidManifest.xml:119:80-103
	android:name
		ADDED from src\main\AndroidManifest.xml:119:18-79
intent-filter#android.intent.category.DEFAULT+org.aisen.weibo.sina.ACTION_GET
ADDED from src\main\AndroidManifest.xml:120:13-124:29
action#org.aisen.weibo.sina.ACTION_GET
ADDED from src\main\AndroidManifest.xml:121:17-73
	android:name
		ADDED from src\main\AndroidManifest.xml:121:25-71
receiver#org.aisen.weibo.sina.sys.receiver.TimingBroadcastReceiver
ADDED from src\main\AndroidManifest.xml:127:9-133:20
	android:name
		ADDED from src\main\AndroidManifest.xml:127:19-91
intent-filter#android.intent.category.DEFAULT+org.aisen.weibo.sina.ACTION_TIMING_PUBLISH
ADDED from src\main\AndroidManifest.xml:128:13-132:29
action#org.aisen.weibo.sina.ACTION_TIMING_PUBLISH
ADDED from src\main\AndroidManifest.xml:129:17-84
	android:name
		ADDED from src\main\AndroidManifest.xml:129:25-82
receiver#org.aisen.weibo.sina.sys.receiver.BootCompletedReceiver
ADDED from src\main\AndroidManifest.xml:135:9-140:20
	android:permission
		ADDED from src\main\AndroidManifest.xml:135:90-152
	android:name
		ADDED from src\main\AndroidManifest.xml:135:19-89
intent-filter#android.intent.action.BOOT_COMPLETED+android.intent.category.DEFAULT
ADDED from src\main\AndroidManifest.xml:136:13-139:29
action#android.intent.action.BOOT_COMPLETED
ADDED from src\main\AndroidManifest.xml:137:17-78
	android:name
		ADDED from src\main\AndroidManifest.xml:137:25-76
activity#com.nhaarman.listviewanimations.itemmanipulation.swipedismiss.SwipeTouchListenerTestActivity
ADDED from [com.nhaarman.listviewanimations:lib-manipulation:3.1.0] AndroidManifest.xml:27:9-129
	android:name
		ADDED from [com.nhaarman.listviewanimations:lib-manipulation:3.1.0] AndroidManifest.xml:27:19-126
activity#com.nhaarman.listviewanimations.itemmanipulation.dragdrop.DynamicListViewTestActivity
ADDED from [com.nhaarman.listviewanimations:lib-manipulation:3.1.0] AndroidManifest.xml:28:9-122
	android:name
		ADDED from [com.nhaarman.listviewanimations:lib-manipulation:3.1.0] AndroidManifest.xml:28:19-119